app/build/intermediates/manifest_merge_blame_file/tkxRelease/manifest-merger-blame-tkx-release-report.txt
1<?xml version="1.0" encoding="utf-8"?>
2<manifest xmlns:android="http://schemas.android.com/apk/res/android"
3    package="com.tkx.driver"
4    android:versionCode="54"
5    android:versionName="10.5.4" >
6
7    <uses-sdk
8        android:minSdkVersion="19"
8-->src\main\AndroidManifest.xml
9        android:targetSdkVersion="33" />
9-->src\main\AndroidManifest.xml
10
11    <uses-permission android:name="android.permission.ACCESS_FINE_LOCATION" />
11-->src\main\AndroidManifest.xml:6:5-79
11-->src\main\AndroidManifest.xml:6:22-76
12    <uses-permission android:name="android.permission.INTERNET" />
12-->src\main\AndroidManifest.xml:7:5-67
12-->src\main\AndroidManifest.xml:7:22-64
13    <uses-permission android:name="android.permission.WAKE_LOCK" />
13-->src\main\AndroidManifest.xml:8:5-68
13-->src\main\AndroidManifest.xml:8:22-65
14    <uses-permission android:name="android.permission.ACCESS_WIFI_STATE" />
14-->src\main\AndroidManifest.xml:9:5-76
14-->src\main\AndroidManifest.xml:9:22-73
15    <uses-permission android:name="android.permission.ACCESS_NETWORK_STATE" />
15-->src\main\AndroidManifest.xml:10:5-111
15-->src\main\AndroidManifest.xml:10:22-76
16    <uses-permission android:name="android.permission.ACCESS_COARSE_LOCATION" />
16-->src\main\AndroidManifest.xml:11:5-81
16-->src\main\AndroidManifest.xml:11:22-78
17    <uses-permission android:name="com.google.android.providers.gsf.permission.READ_GSERVICES" />
17-->src\main\AndroidManifest.xml:12:5-98
17-->src\main\AndroidManifest.xml:12:22-95
18    <uses-permission android:name="android.permission.WRITE_EXTERNAL_STORAGE" />
18-->src\main\AndroidManifest.xml:13:5-81
18-->src\main\AndroidManifest.xml:13:22-78
19    <uses-permission android:name="android.permission.READ_EXTERNAL_STORAGE" />
19-->src\main\AndroidManifest.xml:15:5-80
19-->src\main\AndroidManifest.xml:15:22-77
20    <uses-permission android:name="android.permission.CAMERA" />
20-->src\main\AndroidManifest.xml:16:5-65
20-->src\main\AndroidManifest.xml:16:22-62
21"
22    <uses-permission android:name="android.permission.READ_MEDIA_IMAGES" />
22-->src\main\AndroidManifest.xml:17:5-76
22-->src\main\AndroidManifest.xml:17:22-73
23    <!--
24    <uses-permission android:name="android.permission.READ_MEDIA_VIDEO" android:minSdkVersion = "33" />
25    <uses-permission android:name="android.permission.READ_MEDIA_AUDIO" android:minSdkVersion = "33" />
26    -->
27
28    <uses-permission android:name="android.permission.CLEAR_APP_CACHE" />
28-->src\main\AndroidManifest.xml:21:5-110
28-->src\main\AndroidManifest.xml:21:22-71
29    <uses-permission android:name="android.permission.CALL_PHONE" />
29-->src\main\AndroidManifest.xml:22:5-69
29-->src\main\AndroidManifest.xml:22:22-66
30    <uses-permission android:name="android.permission.DISABLE_KEYGUARD" />
30-->src\main\AndroidManifest.xml:23:5-75
30-->src\main\AndroidManifest.xml:23:22-72
31    <uses-permission android:name="android.permission.GET_ACCOUNTS" />
31-->src\main\AndroidManifest.xml:24:5-71
31-->src\main\AndroidManifest.xml:24:22-68
32    <uses-permission android:name="com.namotaxi.driver.permission.MAPS_RECEIVE" />
32-->src\main\AndroidManifest.xml:25:5-83
32-->src\main\AndroidManifest.xml:25:22-80
33    <uses-permission android:name="android.permission.SYSTEM_ALERT_WINDOW" />
33-->src\main\AndroidManifest.xml:26:5-78
33-->src\main\AndroidManifest.xml:26:22-75
34    <uses-permission android:name="com.google.android.c2dm.permission.RECEIVE" />
34-->src\main\AndroidManifest.xml:27:5-82
34-->src\main\AndroidManifest.xml:27:22-79
35    <uses-permission android:name="android.permission.ACTION_MANAGE_OVERLAY_PERMISSION" />
35-->src\main\AndroidManifest.xml:28:5-91
35-->src\main\AndroidManifest.xml:28:22-88
36    <uses-permission android:name="android.permission.FOREGROUND_SERVICE" />
36-->src\main\AndroidManifest.xml:29:5-77
36-->src\main\AndroidManifest.xml:29:22-74
37    <uses-permission android:name="android.permission.ACCESS_BACKGROUND_LOCATION" />
37-->src\main\AndroidManifest.xml:30:5-85
37-->src\main\AndroidManifest.xml:30:22-82
38    <uses-permission android:name="com.google.android.gms.permission.AD_ID" />
38-->src\main\AndroidManifest.xml:31:5-79
38-->src\main\AndroidManifest.xml:31:22-76
39
40    <!--
41 <uses-permission android:name="android.permission.READ_PHONE_STATE" android:maxSdkVersion="29" />
42    <uses-permission android:name="android.permission.READ_PHONE_NUMBERS" />
43    -->
44    <!--
45 <uses-permission android:name="android.permission.READ_PHONE_STATE" />
46    <uses-permission android:name="android.permission.READ_SMS" />
47    <uses-permission android:name="android.permission.READ_PHONE_NUMBERS" />
48    -->
49    <uses-feature
49-->src\main\AndroidManifest.xml:42:5-44:36
50        android:name="android.hardware.telephony"
50-->src\main\AndroidManifest.xml:43:9-50
51        android:required="false" />
51-->src\main\AndroidManifest.xml:44:9-33
52    <uses-feature
52-->src\main\AndroidManifest.xml:45:5-47:36
53        android:name="android.hardware.location.network"
53-->src\main\AndroidManifest.xml:46:9-57
54        android:required="false" />
54-->src\main\AndroidManifest.xml:47:9-33
55    <uses-feature
55-->src\main\AndroidManifest.xml:48:5-50:36
56        android:name="android.hardware.location.gps"
56-->src\main\AndroidManifest.xml:49:9-53
57        android:required="false" />
57-->src\main\AndroidManifest.xml:50:9-33
58
59    <supports-screens
59-->src\main\AndroidManifest.xml:52:5-58:40
60        android:anyDensity="true"
60-->src\main\AndroidManifest.xml:53:9-34
61        android:largeScreens="true"
61-->src\main\AndroidManifest.xml:54:9-36
62        android:normalScreens="true"
62-->src\main\AndroidManifest.xml:55:9-37
63        android:resizeable="true"
63-->src\main\AndroidManifest.xml:56:9-34
64        android:smallScreens="true"
64-->src\main\AndroidManifest.xml:57:9-36
65        android:xlargeScreens="true" />
65-->src\main\AndroidManifest.xml:58:9-37
66
67    <permission
68        android:name="com.tkx.driver.permission.MAPS_RECEIVE"
68-->src\main\AndroidManifest.xml:61:9-64
69        android:protectionLevel="signature" />
69-->src\main\AndroidManifest.xml:62:9-44
70    <permission
71        android:name="com.tkx.driver.permission.C2D_MESSAGE"
71-->src\main\AndroidManifest.xml:64:9-63
72        android:protectionLevel="signature" />
72-->src\main\AndroidManifest.xml:65:9-44
73
74    <uses-feature
74-->src\main\AndroidManifest.xml:67:5-69:35
75        android:glEsVersion="0x00020000"
75-->src\main\AndroidManifest.xml:68:9-41
76        android:required="true" />
76-->src\main\AndroidManifest.xml:69:9-32
77
78    <queries>
78-->src\main\AndroidManifest.xml:71:5-79:15
79        <package android:name="com.google.android.apps.maps" />
79-->src\main\AndroidManifest.xml:72:9-64
79-->src\main\AndroidManifest.xml:72:18-61
80
81        <intent>
81-->src\main\AndroidManifest.xml:74:9-78:18
82            <action android:name="android.intent.action.VIEW" />
82-->src\main\AndroidManifest.xml:75:13-65
82-->src\main\AndroidManifest.xml:75:21-62
83
84            <data android:mimeType="text/plain" />
84-->src\main\AndroidManifest.xml:77:13-51
84-->src\main\AndroidManifest.xml:77:19-48
85        </intent>
86    </queries>
87
88    <uses-permission android:name="android.permission.CHANGE_WIFI_STATE" />
88-->[com.github.samirapporio:Apporio-Tracking-System:1.0.14] AndroidManifest.xml:15:5-76
88-->[com.github.samirapporio:Apporio-Tracking-System:1.0.14] AndroidManifest.xml:15:22-73
89    <uses-permission android:name="android.permission.VIBRATE" />
89-->[co.paystack.android.design.widget:pinpad:1.0.4] AndroidManifest.xml:11:5-66
89-->[co.paystack.android.design.widget:pinpad:1.0.4] AndroidManifest.xml:11:22-63
90    <uses-permission android:name="com.tkx.driver.permission.C2D_MESSAGE" />
90-->[com.onesignal:OneSignal:3.16.1] AndroidManifest.xml:11:5-79
90-->[com.onesignal:OneSignal:3.16.1] AndroidManifest.xml:11:22-76
91    <!--
92 Use to restore notifications the user hasn't interacted with.
93         They could be missed notifications if the user reboots their device if this isn't in place.
94    -->
95    <uses-permission android:name="android.permission.RECEIVE_BOOT_COMPLETED" /> <!-- START: ShortcutBadger -->
95-->[com.onesignal:OneSignal:3.16.1] AndroidManifest.xml:29:5-81
95-->[com.onesignal:OneSignal:3.16.1] AndroidManifest.xml:29:22-78
96    <!-- Samsung -->
97    <uses-permission android:name="com.sec.android.provider.badge.permission.READ" />
97-->[com.onesignal:OneSignal:3.16.1] AndroidManifest.xml:31:5-86
97-->[com.onesignal:OneSignal:3.16.1] AndroidManifest.xml:31:22-83
98    <uses-permission android:name="com.sec.android.provider.badge.permission.WRITE" /> <!-- HTC -->
98-->[com.onesignal:OneSignal:3.16.1] AndroidManifest.xml:32:5-87
98-->[com.onesignal:OneSignal:3.16.1] AndroidManifest.xml:32:22-84
99    <uses-permission android:name="com.htc.launcher.permission.READ_SETTINGS" />
99-->[com.onesignal:OneSignal:3.16.1] AndroidManifest.xml:33:5-81
99-->[com.onesignal:OneSignal:3.16.1] AndroidManifest.xml:33:22-78
100    <uses-permission android:name="com.htc.launcher.permission.UPDATE_SHORTCUT" /> <!-- Sony -->
100-->[com.onesignal:OneSignal:3.16.1] AndroidManifest.xml:34:5-83
100-->[com.onesignal:OneSignal:3.16.1] AndroidManifest.xml:34:22-80
101    <uses-permission android:name="com.sonyericsson.home.permission.BROADCAST_BADGE" />
101-->[com.onesignal:OneSignal:3.16.1] AndroidManifest.xml:35:5-88
101-->[com.onesignal:OneSignal:3.16.1] AndroidManifest.xml:35:22-85
102    <uses-permission android:name="com.sonymobile.home.permission.PROVIDER_INSERT_BADGE" /> <!-- Apex -->
102-->[com.onesignal:OneSignal:3.16.1] AndroidManifest.xml:36:5-92
102-->[com.onesignal:OneSignal:3.16.1] AndroidManifest.xml:36:22-89
103    <uses-permission android:name="com.anddoes.launcher.permission.UPDATE_COUNT" /> <!-- Solid -->
103-->[com.onesignal:OneSignal:3.16.1] AndroidManifest.xml:37:5-84
103-->[com.onesignal:OneSignal:3.16.1] AndroidManifest.xml:37:22-81
104    <uses-permission android:name="com.majeur.launcher.permission.UPDATE_BADGE" /> <!-- Huawei -->
104-->[com.onesignal:OneSignal:3.16.1] AndroidManifest.xml:38:5-83
104-->[com.onesignal:OneSignal:3.16.1] AndroidManifest.xml:38:22-80
105    <uses-permission android:name="com.huawei.android.launcher.permission.CHANGE_BADGE" />
105-->[com.onesignal:OneSignal:3.16.1] AndroidManifest.xml:39:5-91
105-->[com.onesignal:OneSignal:3.16.1] AndroidManifest.xml:39:22-88
106    <uses-permission android:name="com.huawei.android.launcher.permission.READ_SETTINGS" />
106-->[com.onesignal:OneSignal:3.16.1] AndroidManifest.xml:40:5-92
106-->[com.onesignal:OneSignal:3.16.1] AndroidManifest.xml:40:22-89
107    <uses-permission android:name="com.huawei.android.launcher.permission.WRITE_SETTINGS" /> <!-- ZUK -->
107-->[com.onesignal:OneSignal:3.16.1] AndroidManifest.xml:41:5-93
107-->[com.onesignal:OneSignal:3.16.1] AndroidManifest.xml:41:22-90
108    <uses-permission android:name="android.permission.READ_APP_BADGE" /> <!-- OPPO -->
108-->[com.onesignal:OneSignal:3.16.1] AndroidManifest.xml:42:5-73
108-->[com.onesignal:OneSignal:3.16.1] AndroidManifest.xml:42:22-70
109    <uses-permission android:name="com.oppo.launcher.permission.READ_SETTINGS" />
109-->[com.onesignal:OneSignal:3.16.1] AndroidManifest.xml:43:5-82
109-->[com.onesignal:OneSignal:3.16.1] AndroidManifest.xml:43:22-79
110    <uses-permission android:name="com.oppo.launcher.permission.WRITE_SETTINGS" /> <!-- EvMe -->
110-->[com.onesignal:OneSignal:3.16.1] AndroidManifest.xml:44:5-83
110-->[com.onesignal:OneSignal:3.16.1] AndroidManifest.xml:44:22-80
111    <uses-permission android:name="me.everything.badger.permission.BADGE_COUNT_READ" />
111-->[com.onesignal:OneSignal:3.16.1] AndroidManifest.xml:45:5-88
111-->[com.onesignal:OneSignal:3.16.1] AndroidManifest.xml:45:22-85
112    <uses-permission android:name="me.everything.badger.permission.BADGE_COUNT_WRITE" />
112-->[com.onesignal:OneSignal:3.16.1] AndroidManifest.xml:46:5-89
112-->[com.onesignal:OneSignal:3.16.1] AndroidManifest.xml:46:22-86
113
114    <application
114-->src\main\AndroidManifest.xml:81:5-442:19
115        android:name="com.tkx.driver.MainApplication"
115-->src\main\AndroidManifest.xml:82:9-40
116        android:allowBackup="false"
116-->src\main\AndroidManifest.xml:83:9-36
117        android:appComponentFactory="androidx.core.app.CoreComponentFactory"
117-->[androidx.core:core:1.3.1] AndroidManifest.xml:24:18-86
118        android:icon="@drawable/app_logo"
118-->src\main\AndroidManifest.xml:84:9-42
119        android:label="@string/app_name"
119-->src\main\AndroidManifest.xml:85:9-41
120        android:largeHeap="true"
120-->src\main\AndroidManifest.xml:86:9-33
121        android:requestLegacyExternalStorage="true"
121-->src\main\AndroidManifest.xml:87:9-52
122        android:resizeableActivity="true"
122-->src\main\AndroidManifest.xml:88:9-42
123        android:roundIcon="@drawable/app_logo"
123-->src\main\AndroidManifest.xml:89:9-47
124        android:supportsRtl="true"
124-->[com.github.flutterwave.rave-android:rave_android:2.1.15] AndroidManifest.xml:14:9-35
125        android:theme="@style/AppTheme"
125-->src\main\AndroidManifest.xml:90:9-40
126        android:usesCleartextTraffic="true" >
126-->src\main\AndroidManifest.xml:91:9-44
127        <activity
127-->src\main\AndroidManifest.xml:95:9-101:20
128            android:name="com.tkx.driver.Modelo"
128-->src\main\AndroidManifest.xml:96:13-35
129            android:exported="false" >
129-->src\main\AndroidManifest.xml:97:13-37
130            <meta-data
130-->src\main\AndroidManifest.xml:98:13-100:36
131                android:name="android.app.lib_name"
131-->src\main\AndroidManifest.xml:99:17-52
132                android:value="" />
132-->src\main\AndroidManifest.xml:100:17-33
133        </activity>
134        <activity
134-->src\main\AndroidManifest.xml:102:9-104:39
135            android:name="com.tkx.driver.activities.JunoPaymentWebView"
135-->src\main\AndroidManifest.xml:103:13-58
136            android:exported="true" />
136-->src\main\AndroidManifest.xml:104:13-36
137        <activity
137-->src\main\AndroidManifest.xml:105:9-107:39
138            android:name="com.tkx.driver.activities.MercadoCardPayment"
138-->src\main\AndroidManifest.xml:106:13-58
139            android:exported="true" />
139-->src\main\AndroidManifest.xml:107:13-36
140        <activity android:name="com.tkx.driver.FlutterWavePaymentGateway" />
140-->src\main\AndroidManifest.xml:108:9-63
140-->src\main\AndroidManifest.xml:108:19-60
141        <activity android:name="com.tkx.driver.paypal_webview" />
141-->src\main\AndroidManifest.xml:109:9-52
141-->src\main\AndroidManifest.xml:109:19-49
142        <activity
142-->src\main\AndroidManifest.xml:110:9-120:20
143            android:name="com.tkx.driver.SplashActivity"
143-->src\main\AndroidManifest.xml:111:13-43
144            android:exported="true"
144-->src\main\AndroidManifest.xml:112:13-36
145            android:label="@string/app_name"
145-->src\main\AndroidManifest.xml:113:13-45
146            android:theme="@style/AppTheme.NoActionBar" >
146-->src\main\AndroidManifest.xml:114:13-56
147            <intent-filter>
147-->src\main\AndroidManifest.xml:115:13-119:29
148                <action android:name="android.intent.action.MAIN" />
148-->src\main\AndroidManifest.xml:116:17-69
148-->src\main\AndroidManifest.xml:116:25-66
149
150                <category android:name="android.intent.category.LAUNCHER" />
150-->src\main\AndroidManifest.xml:118:17-77
150-->src\main\AndroidManifest.xml:118:27-74
151            </intent-filter>
152        </activity>
153        <activity android:name="com.tkx.driver.CashOutActivity" />
153-->src\main\AndroidManifest.xml:121:9-53
153-->src\main\AndroidManifest.xml:121:19-50
154        <activity android:name="com.tkx.driver.NewEarningDriver" />
154-->src\main\AndroidManifest.xml:122:9-54
154-->src\main\AndroidManifest.xml:122:19-51
155
156        <meta-data
156-->src\main\AndroidManifest.xml:124:9-126:54
157            android:name="com.google.android.geo.API_KEY"
157-->src\main\AndroidManifest.xml:125:13-58
158            android:value="@string/google_map_key" />
158-->src\main\AndroidManifest.xml:126:13-51
159
160        <activity android:name="com.tkx.driver.TrackerActivity" />
160-->src\main\AndroidManifest.xml:128:9-53
160-->src\main\AndroidManifest.xml:128:19-50
161        <activity android:name="com.tkx.driver.activities.placepicker.NewPlacePickerActivity" />
161-->src\main\AndroidManifest.xml:129:9-83
161-->src\main\AndroidManifest.xml:129:19-80
162        <activity android:name="com.tkx.driver.CountryCodeActivity" />
162-->src\main\AndroidManifest.xml:130:9-57
162-->src\main\AndroidManifest.xml:130:19-54
163        <activity android:name="com.tkx.driver.activities.demo.DemoActivity" />
163-->src\main\AndroidManifest.xml:131:9-66
163-->src\main\AndroidManifest.xml:131:19-63
164        <activity android:name="com.tkx.driver.customization.BancardPaymentGateway" />
164-->src\main\AndroidManifest.xml:132:9-73
164-->src\main\AndroidManifest.xml:132:19-70
165        <activity android:name="com.tkx.driver.customization.paystack.PayWithPaystackActivity" /> <!-- <activity android:name=".customization.ssl_commerz.SslCommerzPaymentGateway" /> -->
165-->src\main\AndroidManifest.xml:133:9-84
165-->src\main\AndroidManifest.xml:133:19-81
166        <activity android:name="com.tkx.driver.customization.mercado.MercadoPaymentActivity" />
166-->src\main\AndroidManifest.xml:134:9-82
166-->src\main\AndroidManifest.xml:134:19-79
167        <activity android:name="com.tkx.driver.earnings.NewEarningActivity" />
167-->src\main\AndroidManifest.xml:135:9-65
167-->src\main\AndroidManifest.xml:135:19-62
168        <activity android:name="com.tkx.driver.activities.placepicker.PlacePickerActivity" />
168-->src\main\AndroidManifest.xml:136:9-80
168-->src\main\AndroidManifest.xml:136:19-77
169        <activity android:name="com.tkx.driver.activities.ExpiryModule.ExpiryDocumentActivity" /> <!-- <provider -->
169-->src\main\AndroidManifest.xml:137:9-84
169-->src\main\AndroidManifest.xml:137:19-81
170        <!-- android:name="androidx.core.content.FileProvider" -->
171        <!-- android:authorities="${applicationId}.provider" -->
172        <!-- android:exported="false" -->
173        <!-- android:grantUriPermissions="true"> -->
174        <!-- <meta-data -->
175        <!-- android:name="android.support.FILE_PROVIDER_PATHS" -->
176        <!-- android:resource="@xml/provider_paths" /> -->
177        <!-- </provider> -->
178        <service
178-->src\main\AndroidManifest.xml:146:9-149:40
179            android:name="com.tkx.driver.FloatingViewService"
179-->src\main\AndroidManifest.xml:147:13-48
180            android:enabled="true"
180-->src\main\AndroidManifest.xml:148:13-35
181            android:exported="false" />
181-->src\main\AndroidManifest.xml:149:13-37
182
183        <meta-data
183-->src\main\AndroidManifest.xml:151:9-153:55
184            android:name="com.razorpay.ApiKey"
184-->src\main\AndroidManifest.xml:152:13-47
185            android:value="rzp_test_0Q9QUVz0kaWmK3" />
185-->src\main\AndroidManifest.xml:153:13-52
186
187        <uses-library
187-->src\main\AndroidManifest.xml:155:9-157:40
188            android:name="org.apache.http.legacy"
188-->src\main\AndroidManifest.xml:156:13-50
189            android:required="false" /> <!-- <activity -->
189-->src\main\AndroidManifest.xml:157:13-37
190        <!-- android:name="namotaxixi.driver.SplashActivity" -->
191        <!-- android:screenOrientation="portrait" -->
192        <!-- android:theme="@style/AppTheme.NoActionBar"> -->
193        <!-- <intent-filter> -->
194        <!-- <action android:name="android.intent.action.MAIN" /> -->
195        <!-- <category android:name="android.intent.category.LAUNCHER" /> -->
196        <!-- </intent-filter> -->
197        <!-- </activity> -->
198        <service
198-->src\main\AndroidManifest.xml:166:9-172:19
199            android:name="com.tkx.driver.firebase.MyFirebaseMessagingService"
199-->src\main\AndroidManifest.xml:167:13-64
200            android:exported="true" >
200-->src\main\AndroidManifest.xml:168:13-36
201            <intent-filter>
201-->src\main\AndroidManifest.xml:169:13-171:29
202                <action android:name="com.google.firebase.MESSAGING_EVENT" />
202-->src\main\AndroidManifest.xml:170:17-78
202-->src\main\AndroidManifest.xml:170:25-75
203            </intent-filter>
204        </service>
205        <service
205-->src\main\AndroidManifest.xml:173:9-179:19
206            android:name="com.tkx.driver.firebase.MyFirebaseInstanceService"
206-->src\main\AndroidManifest.xml:174:13-63
207            android:exported="true" >
207-->src\main\AndroidManifest.xml:175:13-36
208            <intent-filter>
208-->src\main\AndroidManifest.xml:176:13-178:29
209                <action android:name="com.google.firebase.INSTANCE_ID_EVENT" />
209-->src\main\AndroidManifest.xml:177:17-80
209-->src\main\AndroidManifest.xml:177:25-77
210            </intent-filter>
211        </service>
212
213        <activity
213-->src\main\AndroidManifest.xml:181:9-186:80
214            android:name="com.tkx.driver.MainActivity"
214-->src\main\AndroidManifest.xml:182:13-41
215            android:launchMode="singleTask"
215-->src\main\AndroidManifest.xml:183:13-44
216            android:screenOrientation="portrait"
216-->src\main\AndroidManifest.xml:184:13-49
217            android:theme="@style/AppTheme.NoActionBar"
217-->src\main\AndroidManifest.xml:185:13-56
218            android:windowSoftInputMode="stateHidden|adjustPan|adjustResize" />
218-->src\main\AndroidManifest.xml:186:13-77
219        <activity
219-->src\main\AndroidManifest.xml:187:9-190:57
220            android:name="com.tkx.driver.LoginActivity"
220-->src\main\AndroidManifest.xml:188:13-42
221            android:screenOrientation="portrait"
221-->src\main\AndroidManifest.xml:189:13-49
222            android:windowSoftInputMode="stateHidden" />
222-->src\main\AndroidManifest.xml:190:13-54
223        <activity
223-->src\main\AndroidManifest.xml:191:9-194:57
224            android:name="com.tkx.driver.RegisterActivity"
224-->src\main\AndroidManifest.xml:192:13-45
225            android:screenOrientation="portrait"
225-->src\main\AndroidManifest.xml:193:13-49
226            android:windowSoftInputMode="stateHidden" />
226-->src\main\AndroidManifest.xml:194:13-54
227        <activity
227-->src\main\AndroidManifest.xml:195:9-198:80
228            android:name="com.tkx.driver.PriceFareActivity"
228-->src\main\AndroidManifest.xml:196:13-46
229            android:screenOrientation="portrait"
229-->src\main\AndroidManifest.xml:197:13-49
230            android:windowSoftInputMode="stateHidden|adjustPan|adjustResize" />
230-->src\main\AndroidManifest.xml:198:13-77
231        <activity
231-->src\main\AndroidManifest.xml:199:9-201:52
232            android:name="com.tkx.driver.ProfileActivity"
232-->src\main\AndroidManifest.xml:200:13-44
233            android:screenOrientation="portrait" />
233-->src\main\AndroidManifest.xml:201:13-49
234        <activity
234-->src\main\AndroidManifest.xml:202:9-205:80
235            android:name="com.tkx.driver.AboutActivity"
235-->src\main\AndroidManifest.xml:203:13-42
236            android:screenOrientation="portrait"
236-->src\main\AndroidManifest.xml:204:13-49
237            android:windowSoftInputMode="stateHidden|adjustPan|adjustResize" />
237-->src\main\AndroidManifest.xml:205:13-77
238        <activity
238-->src\main\AndroidManifest.xml:206:9-208:52
239            android:name="com.tkx.driver.ForgotPass_ConfirmPass"
239-->src\main\AndroidManifest.xml:207:13-51
240            android:screenOrientation="portrait" />
240-->src\main\AndroidManifest.xml:208:13-49
241        <activity
241-->src\main\AndroidManifest.xml:209:9-212:80
242            android:name="com.tkx.driver.TermsAndCondition"
242-->src\main\AndroidManifest.xml:210:13-46
243            android:screenOrientation="portrait"
243-->src\main\AndroidManifest.xml:211:13-49
244            android:windowSoftInputMode="stateHidden|adjustPan|adjustResize" />
244-->src\main\AndroidManifest.xml:212:13-77
245        <activity
245-->src\main\AndroidManifest.xml:213:9-215:52
246            android:name="com.tkx.driver.ChangePasswordActivity"
246-->src\main\AndroidManifest.xml:214:13-51
247            android:screenOrientation="portrait" />
247-->src\main\AndroidManifest.xml:215:13-49
248        <activity
248-->src\main\AndroidManifest.xml:216:9-218:52
249            android:name="com.tkx.driver.DocumentActivity"
249-->src\main\AndroidManifest.xml:217:13-45
250            android:screenOrientation="portrait" />
250-->src\main\AndroidManifest.xml:218:13-49
251
252        <receiver
252-->src\main\AndroidManifest.xml:220:9-226:20
253            android:name="com.tkx.driver.others.MyBroadcastReceiver"
253-->src\main\AndroidManifest.xml:221:13-55
254            android:exported="true" >
254-->src\main\AndroidManifest.xml:222:13-36
255            <intent-filter>
255-->src\main\AndroidManifest.xml:223:13-225:29
256                <action android:name="com.tkx.driver" />
256-->src\main\AndroidManifest.xml:224:25-56
257            </intent-filter>
258        </receiver>
259
260        <service
260-->src\main\AndroidManifest.xml:228:9-235:19
261            android:name="com.tkx.driver.fcmclasses.OneSignalServiceClass"
261-->src\main\AndroidManifest.xml:229:13-61
262            android:exported="false"
262-->src\main\AndroidManifest.xml:230:13-37
263            android:permission="android.permission.BIND_JOB_SERVICE" >
263-->src\main\AndroidManifest.xml:231:13-69
264            <intent-filter>
264-->src\main\AndroidManifest.xml:232:13-234:29
265                <action android:name="com.onesignal.NotificationExtender" />
265-->src\main\AndroidManifest.xml:233:17-77
265-->src\main\AndroidManifest.xml:233:25-74
266            </intent-filter>
267        </service>
268
269        <meta-data
269-->src\main\AndroidManifest.xml:237:9-239:69
270            android:name="com.google.android.gms.version"
270-->src\main\AndroidManifest.xml:238:13-58
271            android:value="@integer/google_play_services_version" /> <!-- <receiver -->
271-->src\main\AndroidManifest.xml:239:13-66
272        <!-- <service android:name="com.google.android.gms.analytics.CampaignTrackingService" /> -->
273        <service android:name="com.tkx.driver.location.UpdateServiceClass" />
273-->src\main\AndroidManifest.xml:241:9-64
273-->src\main\AndroidManifest.xml:241:18-61
274
275        <activity android:name="com.tkx.driver.RidesActivity" />
275-->src\main\AndroidManifest.xml:243:9-245:48
275-->src\main\AndroidManifest.xml:244:13-42
276        <activity
276-->src\main\AndroidManifest.xml:246:9-249:48
277            android:name="com.tkx.driver.CustomerSupportActivity"
277-->src\main\AndroidManifest.xml:247:13-52
278            android:screenOrientation="portrait" /> <!-- <service -->
278-->src\main\AndroidManifest.xml:248:13-49
279        <activity
279-->src\main\AndroidManifest.xml:250:9-252:52
280            android:name="com.tkx.driver.earnings.WeeklyStatementActivity"
280-->src\main\AndroidManifest.xml:251:13-61
281            android:screenOrientation="portrait" />
281-->src\main\AndroidManifest.xml:252:13-49
282        <activity
282-->src\main\AndroidManifest.xml:253:9-255:52
283            android:name="com.tkx.driver.earnings.DailyStatementActivity"
283-->src\main\AndroidManifest.xml:254:13-60
284            android:screenOrientation="portrait" />
284-->src\main\AndroidManifest.xml:255:13-49
285        <activity
285-->src\main\AndroidManifest.xml:256:9-260:37
286            android:name="com.tkx.driver.OnlineOfflineActivity"
286-->src\main\AndroidManifest.xml:257:13-50
287            android:screenOrientation="portrait"
287-->src\main\AndroidManifest.xml:258:13-49
288            android:theme="@android:style/Theme.Holo.Dialog.NoActionBar" />
288-->src\main\AndroidManifest.xml:259:13-73
289        <activity
289-->src\main\AndroidManifest.xml:261:9-263:52
290            android:name="com.tkx.driver.ReceiveRentalPassengerActivity"
290-->src\main\AndroidManifest.xml:262:13-59
291            android:screenOrientation="portrait" />
291-->src\main\AndroidManifest.xml:263:13-49
292        <activity
292-->src\main\AndroidManifest.xml:264:9-266:52
293            android:name="com.tkx.driver.RentalTrackRideActivity"
293-->src\main\AndroidManifest.xml:265:13-52
294            android:screenOrientation="portrait" />
294-->src\main\AndroidManifest.xml:266:13-49
295        <activity
295-->src\main\AndroidManifest.xml:267:9-270:37
296            android:name="com.tkx.driver.MeterImageActivity"
296-->src\main\AndroidManifest.xml:268:13-47
297            android:theme="@android:style/Theme.Holo.Dialog.NoActionBar" />
297-->src\main\AndroidManifest.xml:269:13-73
298        <activity
298-->src\main\AndroidManifest.xml:271:9-273:52
299            android:name="com.tkx.driver.RentalPriceFareActiviy"
299-->src\main\AndroidManifest.xml:272:13-51
300            android:screenOrientation="portrait" />
300-->src\main\AndroidManifest.xml:273:13-49
301        <activity
301-->src\main\AndroidManifest.xml:274:9-276:52
302            android:name="com.tkx.driver.BaseActivity"
302-->src\main\AndroidManifest.xml:275:13-41
303            android:screenOrientation="portrait" /> <!-- <receiver -->
303-->src\main\AndroidManifest.xml:276:13-49
304        <activity
304-->src\main\AndroidManifest.xml:277:9-280:59
305            android:name="com.tkx.driver.SelectedRentalRideActivity"
305-->src\main\AndroidManifest.xml:278:13-55
306            android:label="@string/title_activity_selected_rental_ride"
306-->src\main\AndroidManifest.xml:279:13-72
307            android:theme="@style/AppTheme.NoActionBar" />
307-->src\main\AndroidManifest.xml:280:13-56
308        <activity
308-->src\main\AndroidManifest.xml:281:9-283:52